<?xml version="1.0" encoding="UTF-8"?>
<!-- Generated by org.testng.reporters.JUnitXMLReporter -->
<testsuite hostname="NDI-LAP-732" ignored="2" name="Test" tests="2" failures="1" timestamp="2022-04-06T21:51:26 IST" time="26.166" errors="0">
  <testcase name="hometestcase" time="0.014" classname="Auto.Testcases.hometestcase">
    <failure type="java.lang.NullPointerException">
      <![CDATA[java.lang.NullPointerException
at Auto.pages.homepage.selectbookfromcategories(homepage.java:37)
at Auto.Testcases.hometestcase.hometestcase(hometestcase.java:18)
at java.util.concurrent.ThreadPoolExecutor.runWorker(Unknown Source)
at java.util.concurrent.ThreadPoolExecutor$Worker.run(Unknown Source)
at java.lang.Thread.run(Unknown Source)
... Removed 12 stack frames]]>
    </failure>
  </testcase> <!-- hometestcase -->
  <testcase name="screenshort" time="10.608" classname="Auto.Testcases.BooksLandingtestpage"/>
  <testcase name="@AfterTest Teardown" time="0.0" classname="Auto.pages.Base">
    <ignored/>
  </testcase> <!-- @AfterTest Teardown -->
  <testcase name="@BeforeTest browsersetup" time="0.0" classname="Auto.pages.Base">
    <ignored/>
  </testcase> <!-- @BeforeTest browsersetup -->
</testsuite> <!-- Test -->
