<?xml version="1.0" encoding="UTF-8"?>
<testng-results skipped="0" failed="0" ignored="0" total="1" passed="1">
  <reporter-output>
  </reporter-output>
  <suite name="Default suite" duration-ms="24799" started-at="2022-04-06T21:54:45 IST" finished-at="2022-04-06T21:55:09 IST">
    <groups>
    </groups>
    <test name="Default test" duration-ms="24799" started-at="2022-04-06T21:54:45 IST" finished-at="2022-04-06T21:55:09 IST">
      <class name="Auto.Testcases.hometestcase">
        <test-method status="PASS" signature="browsersetup()[pri:0, instance:Auto.Testcases.hometestcase@16e2f39]" name="browsersetup" is-config="true" duration-ms="17180" started-at="2022-04-06T21:54:45 IST" finished-at="2022-04-06T21:55:02 IST">
          <reporter-output>
          </reporter-output>
        </test-method> <!-- browsersetup -->
        <test-method status="PASS" signature="hometestcase()[pri:1, instance:Auto.Testcases.hometestcase@16e2f39]" name="hometestcase" duration-ms="6781" started-at="2022-04-06T21:55:02 IST" finished-at="2022-04-06T21:55:09 IST">
          <reporter-output>
          </reporter-output>
        </test-method> <!-- hometestcase -->
        <test-method status="PASS" signature="Teardown()[pri:0, instance:Auto.Testcases.hometestcase@16e2f39]" name="Teardown" is-config="true" duration-ms="743" started-at="2022-04-06T21:55:09 IST" finished-at="2022-04-06T21:55:09 IST">
          <reporter-output>
          </reporter-output>
        </test-method> <!-- Teardown -->
      </class> <!-- Auto.Testcases.hometestcase -->
    </test> <!-- Default test -->
  </suite> <!-- Default suite -->
</testng-results>
